2026-05-29 22:51:14,856 INFO o.a.j.u.JMeterUtils: Setting Locale to en_EN
2026-05-29 22:51:14,878 INFO o.a.j.JMeter: Loading user properties from: C:\Users\Luahn\Downloads\apache-jmeter-5.6.3\apache-jmeter-5.6.3\bin\user.properties
2026-05-29 22:51:14,879 INFO o.a.j.JMeter: Loading system properties from: C:\Users\Luahn\Downloads\apache-jmeter-5.6.3\apache-jmeter-5.6.3\bin\system.properties
2026-05-29 22:51:14,886 INFO o.a.j.JMeter: Copyright (c) 1998-2024 The Apache Software Foundation
2026-05-29 22:51:14,886 INFO o.a.j.JMeter: Version 5.6.3
2026-05-29 22:51:14,886 INFO o.a.j.JMeter: java.version=21.0.10
2026-05-29 22:51:14,886 INFO o.a.j.JMeter: java.vm.name=Java HotSpot(TM) 64-Bit Server VM
2026-05-29 22:51:14,886 INFO o.a.j.JMeter: os.name=Windows 11
2026-05-29 22:51:14,887 INFO o.a.j.JMeter: os.arch=amd64
2026-05-29 22:51:14,887 INFO o.a.j.JMeter: os.version=10.0
2026-05-29 22:51:14,887 INFO o.a.j.JMeter: file.encoding=UTF-8
2026-05-29 22:51:14,887 INFO o.a.j.JMeter: java.awt.headless=true
2026-05-29 22:51:14,887 INFO o.a.j.JMeter: Max memory     =1073741824
2026-05-29 22:51:14,887 INFO o.a.j.JMeter: Available Processors =16
2026-05-29 22:51:14,895 INFO o.a.j.JMeter: Default Locale=English (EN)
2026-05-29 22:51:14,895 INFO o.a.j.JMeter: JMeter  Locale=English (EN)
2026-05-29 22:51:14,895 INFO o.a.j.JMeter: JMeterHome=C:\Users\Luahn\Downloads\apache-jmeter-5.6.3\apache-jmeter-5.6.3
2026-05-29 22:51:14,895 INFO o.a.j.JMeter: user.dir  =C:\Users\Luahn\Desktop\trab_qts\trab-thiago-qts
2026-05-29 22:51:14,896 INFO o.a.j.JMeter: PWD       =C:\Users\Luahn\Desktop\trab_qts\trab-thiago-qts
2026-05-29 22:51:19,839 INFO o.a.j.JMeter: IP: 26.53.150.250 Name: DESKTOP-0QTJH0P FullName: DESKTOP-0QTJH0P
2026-05-29 22:51:19,859 INFO o.a.j.s.FileServer: Default base='C:\Users\Luahn\Desktop\trab_qts\trab-thiago-qts'
2026-05-29 22:51:19,862 INFO o.a.j.s.FileServer: Set new base='C:\Users\Luahn\Desktop\trab_qts\trab-thiago-qts\testes'
2026-05-29 22:51:20,085 INFO o.a.j.s.SaveService: Testplan (JMX) version: 2.2. Testlog (JTL) version: 2.2
2026-05-29 22:51:20,123 INFO o.a.j.s.SaveService: Using SaveService properties version 5.0
2026-05-29 22:51:20,126 INFO o.a.j.s.SaveService: Using SaveService properties file encoding UTF-8
2026-05-29 22:51:20,130 INFO o.a.j.s.SaveService: Loading file: testes\script_de_teste_luahn.jmx
2026-05-29 22:51:20,195 INFO o.a.j.p.h.s.HTTPSamplerBase: Parser for text/html is org.apache.jmeter.protocol.http.parser.LagartoBasedHtmlParser
2026-05-29 22:51:20,195 INFO o.a.j.p.h.s.HTTPSamplerBase: Parser for application/xhtml+xml is org.apache.jmeter.protocol.http.parser.LagartoBasedHtmlParser
2026-05-29 22:51:20,195 INFO o.a.j.p.h.s.HTTPSamplerBase: Parser for application/xml is org.apache.jmeter.protocol.http.parser.LagartoBasedHtmlParser
2026-05-29 22:51:20,195 INFO o.a.j.p.h.s.HTTPSamplerBase: Parser for text/xml is org.apache.jmeter.protocol.http.parser.LagartoBasedHtmlParser
2026-05-29 22:51:20,195 INFO o.a.j.p.h.s.HTTPSamplerBase: Parser for text/vnd.wap.wml is org.apache.jmeter.protocol.http.parser.RegexpHTMLParser
2026-05-29 22:51:20,195 INFO o.a.j.p.h.s.HTTPSamplerBase: Parser for text/css is org.apache.jmeter.protocol.http.parser.CssParser
2026-05-29 22:51:20,200 INFO o.a.j.s.SampleResult: Note: Sample TimeStamps are START times
2026-05-29 22:51:20,200 INFO o.a.j.s.SampleResult: sampleresult.default.encoding is set to UTF-8
2026-05-29 22:51:20,200 INFO o.a.j.s.SampleResult: sampleresult.useNanoTime=true
2026-05-29 22:51:20,200 INFO o.a.j.s.SampleResult: sampleresult.nanoThreadSleep=5000
2026-05-29 22:51:20,212 INFO o.a.j.JMeter: Creating summariser <summary>
2026-05-29 22:51:20,235 INFO o.a.j.e.StandardJMeterEngine: Running the test!
2026-05-29 22:51:20,236 INFO o.a.j.s.SampleEvent: List of sample_variables: []
2026-05-29 22:51:20,236 INFO o.a.j.s.SampleEvent: List of sample_variables: []
2026-05-29 22:51:20,242 INFO o.a.j.e.u.CompoundVariable: Note: Function class names must contain the string: '.functions.'
2026-05-29 22:51:20,242 INFO o.a.j.e.u.CompoundVariable: Note: Function class names must not contain the string: '.gui.'
2026-05-29 22:51:20,344 INFO o.a.j.v.b.BackendListener: Ouvinte de Banco de Dados InfluxDB: Starting worker with class: class org.apache.jmeter.visualizers.backend.influxdb.InfluxdbBackendListenerClient and queue capacity: 5000
2026-05-29 22:51:20,346 INFO o.a.j.v.b.BackendListener: Ouvinte de Banco de Dados InfluxDB: Started  worker with class: class org.apache.jmeter.visualizers.backend.influxdb.InfluxdbBackendListenerClient
2026-05-29 22:51:20,609 INFO o.a.j.JMeter: Running test (1780105880609)
2026-05-29 22:51:20,629 INFO o.a.j.e.StandardJMeterEngine: Starting ThreadGroup: 1 : Grupo de Usuarios Luahn
2026-05-29 22:51:20,629 INFO o.a.j.e.StandardJMeterEngine: Starting 5 threads for group Grupo de Usuarios Luahn.
2026-05-29 22:51:20,629 INFO o.a.j.e.StandardJMeterEngine: Thread will continue on error
2026-05-29 22:51:20,629 INFO o.a.j.t.ThreadGroup: Starting thread group... number=1 threads=5 ramp-up=5 delayedStart=false
2026-05-29 22:51:20,636 INFO o.a.j.t.ThreadGroup: Started thread group number 1
2026-05-29 22:51:20,636 INFO o.a.j.e.StandardJMeterEngine: All thread groups have been started
2026-05-29 22:51:20,639 INFO o.a.j.t.JMeterThread: Thread started: Grupo de Usuarios Luahn 1-1
2026-05-29 22:51:20,655 INFO o.a.j.p.h.s.HTTPHCAbstractImpl: Local host = DESKTOP-0QTJH0P
2026-05-29 22:51:20,662 INFO o.a.j.p.h.s.HTTPHC4Impl: HTTP request retry count = 0
2026-05-29 22:51:20,709 INFO o.a.j.p.h.s.h.LazyLayeredConnectionSocketFactory: Setting up HTTPS TrustAll Socket Factory
2026-05-29 22:51:20,714 INFO o.a.j.u.JsseSSLManager: Using default SSL protocol: TLS
2026-05-29 22:51:20,715 INFO o.a.j.u.JsseSSLManager: SSL session context: per-thread
2026-05-29 22:51:20,734 INFO o.a.j.u.SSLManager: JmeterKeyStore Location:  type JKS
2026-05-29 22:51:20,735 INFO o.a.j.u.SSLManager: KeyStore created OK
2026-05-29 22:51:20,736 WARN o.a.j.u.SSLManager: Keystore file not found, loading empty keystore
2026-05-29 22:51:21,117 INFO o.a.j.t.JMeterThread: Thread is done: Grupo de Usuarios Luahn 1-1
2026-05-29 22:51:21,117 INFO o.a.j.t.JMeterThread: Thread finished: Grupo de Usuarios Luahn 1-1
2026-05-29 22:51:21,636 INFO o.a.j.t.JMeterThread: Thread started: Grupo de Usuarios Luahn 1-2
2026-05-29 22:51:21,862 INFO o.a.j.t.JMeterThread: Thread is done: Grupo de Usuarios Luahn 1-2
2026-05-29 22:51:21,862 INFO o.a.j.t.JMeterThread: Thread finished: Grupo de Usuarios Luahn 1-2
2026-05-29 22:51:22,634 INFO o.a.j.t.JMeterThread: Thread started: Grupo de Usuarios Luahn 1-3
2026-05-29 22:51:22,829 INFO o.a.j.t.JMeterThread: Thread is done: Grupo de Usuarios Luahn 1-3
2026-05-29 22:51:22,829 INFO o.a.j.t.JMeterThread: Thread finished: Grupo de Usuarios Luahn 1-3
2026-05-29 22:51:23,633 INFO o.a.j.t.JMeterThread: Thread started: Grupo de Usuarios Luahn 1-4
2026-05-29 22:51:23,854 INFO o.a.j.t.JMeterThread: Thread is done: Grupo de Usuarios Luahn 1-4
2026-05-29 22:51:23,854 INFO o.a.j.t.JMeterThread: Thread finished: Grupo de Usuarios Luahn 1-4
2026-05-29 22:51:24,634 INFO o.a.j.t.JMeterThread: Thread started: Grupo de Usuarios Luahn 1-5
2026-05-29 22:51:24,848 INFO o.a.j.t.JMeterThread: Thread is done: Grupo de Usuarios Luahn 1-5
2026-05-29 22:51:24,849 INFO o.a.j.t.JMeterThread: Thread finished: Grupo de Usuarios Luahn 1-5
2026-05-29 22:51:24,849 INFO o.a.j.e.StandardJMeterEngine: Notifying test listeners of end of test
2026-05-29 22:51:24,858 INFO o.a.j.v.b.BackendListener: Worker ended
2026-05-29 22:51:24,859 INFO o.a.j.v.b.i.InfluxdbBackendListenerClient: Sending last metrics to InfluxDB
2026-05-29 22:51:24,863 INFO o.a.j.v.b.i.HttpMetricsSender: Destroying 
2026-05-29 22:51:24,871 INFO o.a.j.r.Summariser: summary =     50 in 00:00:04 =   11.7/s Avg:    24 Min:    14 Max:   250 Err:     0 (0.00%)
